2024-04-22 19:39:31,014:WARNING:
'cuml' is a soft dependency and not included in the pycaret installation. Please run: `pip install cuml` to install.
2024-04-22 19:39:31,015:WARNING:
'cuml' is a soft dependency and not included in the pycaret installation. Please run: `pip install cuml` to install.
2024-04-22 19:39:31,015:WARNING:
'cuml' is a soft dependency and not included in the pycaret installation. Please run: `pip install cuml` to install.
2024-04-22 19:39:31,015:WARNING:
'cuml' is a soft dependency and not included in the pycaret installation. Please run: `pip install cuml` to install.
2024-04-22 19:41:24,269:WARNING:c:\Users\ferna\.conda\envs\ProgramacionII\Lib\site-packages\joblib\memory.py:999: DeprecationWarning: bytes_limit argument has been deprecated. It will be removed in version 1.5. Please pass its value directly to Memory.reduce_size.
  warnings.warn(

2024-04-22 19:41:24,274:INFO:PyCaret ClassificationExperiment
2024-04-22 19:41:24,274:INFO:Logging name: clf-default-name
2024-04-22 19:41:24,275:INFO:ML Usecase: MLUsecase.CLASSIFICATION
2024-04-22 19:41:24,275:INFO:version 3.3.1
2024-04-22 19:41:24,275:INFO:Initializing setup()
2024-04-22 19:41:24,275:INFO:self.USI: 0d73
2024-04-22 19:41:24,275:INFO:self._variable_keys: {'data', 'gpu_n_jobs_param', 'exp_id', 'fold_generator', '_ml_usecase', 'html_param', 'logging_param', '_available_plots', 'fix_imbalance', 'exp_name_log', 'fold_shuffle_param', 'memory', 'X_test', 'USI', 'y_train', 'idx', 'y', 'is_multiclass', 'pipeline', 'gpu_param', 'target_param', 'X', 'fold_groups_param', 'n_jobs_param', 'X_train', 'y_test', 'seed', 'log_plots_param'}
2024-04-22 19:41:24,275:INFO:Checking environment
2024-04-22 19:41:24,275:INFO:python_version: 3.11.7
2024-04-22 19:41:24,275:INFO:python_build: ('main', 'Dec 15 2023 18:05:47')
2024-04-22 19:41:24,276:INFO:machine: AMD64
2024-04-22 19:41:24,276:INFO:platform: Windows-10-10.0.19045-SP0
2024-04-22 19:41:24,286:INFO:Memory: svmem(total=25495900160, available=9116778496, percent=64.2, used=16379121664, free=9116778496)
2024-04-22 19:41:24,287:INFO:Physical Core: 4
2024-04-22 19:41:24,287:INFO:Logical Core: 8
2024-04-22 19:41:24,287:INFO:Checking libraries
2024-04-22 19:41:24,287:INFO:System:
2024-04-22 19:41:24,287:INFO:    python: 3.11.7 | packaged by Anaconda, Inc. | (main, Dec 15 2023, 18:05:47) [MSC v.1916 64 bit (AMD64)]
2024-04-22 19:41:24,287:INFO:executable: c:\Users\ferna\.conda\envs\ProgramacionII\python.exe
2024-04-22 19:41:24,287:INFO:   machine: Windows-10-10.0.19045-SP0
2024-04-22 19:41:24,287:INFO:PyCaret required dependencies:
2024-04-22 19:41:24,288:WARNING:c:\Users\ferna\.conda\envs\ProgramacionII\Lib\site-packages\pycaret\utils\_dependencies.py:39: DeprecationWarning: distutils Version classes are deprecated. Use packaging.version instead.
  ver = LooseVersion(ver)

2024-04-22 19:41:24,288:WARNING:c:\Users\ferna\.conda\envs\ProgramacionII\Lib\site-packages\pycaret\utils\_dependencies.py:39: DeprecationWarning: distutils Version classes are deprecated. Use packaging.version instead.
  ver = LooseVersion(ver)

2024-04-22 19:41:24,288:WARNING:c:\Users\ferna\.conda\envs\ProgramacionII\Lib\site-packages\pycaret\utils\_dependencies.py:39: DeprecationWarning: distutils Version classes are deprecated. Use packaging.version instead.
  ver = LooseVersion(ver)

2024-04-22 19:41:24,388:WARNING:c:\Users\ferna\.conda\envs\ProgramacionII\Lib\site-packages\pycaret\utils\_dependencies.py:39: DeprecationWarning: distutils Version classes are deprecated. Use packaging.version instead.
  ver = LooseVersion(ver)

2024-04-22 19:41:24,391:WARNING:c:\Users\ferna\.conda\envs\ProgramacionII\Lib\site-packages\pycaret\utils\_dependencies.py:39: DeprecationWarning: distutils Version classes are deprecated. Use packaging.version instead.
  ver = LooseVersion(ver)

2024-04-22 19:41:24,392:INFO:                 pip: 23.3.1
2024-04-22 19:41:24,392:INFO:          setuptools: 69.5.1
2024-04-22 19:41:24,393:INFO:             pycaret: 3.3.1
2024-04-22 19:41:24,393:INFO:             IPython: 8.20.0
2024-04-22 19:41:24,393:INFO:          ipywidgets: 8.1.2
2024-04-22 19:41:24,393:INFO:                tqdm: 4.66.2
2024-04-22 19:41:24,393:INFO:               numpy: 1.26.4
2024-04-22 19:41:24,393:INFO:              pandas: 2.1.4
2024-04-22 19:41:24,393:INFO:              jinja2: 3.1.3
2024-04-22 19:41:24,393:INFO:               scipy: 1.11.4
2024-04-22 19:41:24,393:INFO:              joblib: 1.3.2
2024-04-22 19:41:24,393:INFO:             sklearn: 1.4.2
2024-04-22 19:41:24,393:INFO:                pyod: 1.1.3
2024-04-22 19:41:24,393:INFO:            imblearn: 0.12.2
2024-04-22 19:41:24,393:INFO:   category_encoders: 2.6.3
2024-04-22 19:41:24,394:INFO:            lightgbm: 4.3.0
2024-04-22 19:41:24,394:INFO:               numba: 0.59.1
2024-04-22 19:41:24,394:INFO:            requests: 2.31.0
2024-04-22 19:41:24,394:INFO:          matplotlib: 3.8.2
2024-04-22 19:41:24,394:INFO:          scikitplot: 0.3.7
2024-04-22 19:41:24,394:INFO:         yellowbrick: 1.5
2024-04-22 19:41:24,394:INFO:              plotly: 5.21.0
2024-04-22 19:41:24,394:INFO:    plotly-resampler: Not installed
2024-04-22 19:41:24,394:INFO:             kaleido: 0.2.1
2024-04-22 19:41:24,394:INFO:           schemdraw: 0.15
2024-04-22 19:41:24,394:INFO:         statsmodels: 0.14.2
2024-04-22 19:41:24,394:INFO:              sktime: 0.26.0
2024-04-22 19:41:24,394:INFO:               tbats: 1.1.3
2024-04-22 19:41:24,394:INFO:            pmdarima: 2.0.4
2024-04-22 19:41:24,394:INFO:              psutil: 5.9.8
2024-04-22 19:41:24,394:INFO:          markupsafe: 2.1.5
2024-04-22 19:41:24,395:INFO:             pickle5: Not installed
2024-04-22 19:41:24,395:INFO:         cloudpickle: 3.0.0
2024-04-22 19:41:24,395:INFO:         deprecation: 2.1.0
2024-04-22 19:41:24,395:INFO:              xxhash: 3.4.1
2024-04-22 19:41:24,395:INFO:           wurlitzer: Not installed
2024-04-22 19:41:24,395:INFO:PyCaret optional dependencies:
2024-04-22 19:41:24,427:INFO:                shap: Not installed
2024-04-22 19:41:24,427:INFO:           interpret: Not installed
2024-04-22 19:41:24,427:INFO:                umap: Not installed
2024-04-22 19:41:24,427:INFO:     ydata_profiling: Not installed
2024-04-22 19:41:24,427:INFO:  explainerdashboard: Not installed
2024-04-22 19:41:24,427:INFO:             autoviz: Not installed
2024-04-22 19:41:24,427:INFO:           fairlearn: Not installed
2024-04-22 19:41:24,428:INFO:          deepchecks: Not installed
2024-04-22 19:41:24,428:INFO:             xgboost: Not installed
2024-04-22 19:41:24,428:INFO:            catboost: Not installed
2024-04-22 19:41:24,428:INFO:              kmodes: Not installed
2024-04-22 19:41:24,428:INFO:             mlxtend: Not installed
2024-04-22 19:41:24,428:INFO:       statsforecast: Not installed
2024-04-22 19:41:24,428:INFO:        tune_sklearn: Not installed
2024-04-22 19:41:24,428:INFO:                 ray: Not installed
2024-04-22 19:41:24,428:INFO:            hyperopt: Not installed
2024-04-22 19:41:24,428:INFO:              optuna: Not installed
2024-04-22 19:41:24,428:INFO:               skopt: Not installed
2024-04-22 19:41:24,428:INFO:              mlflow: Not installed
2024-04-22 19:41:24,428:INFO:              gradio: Not installed
2024-04-22 19:41:24,428:INFO:             fastapi: Not installed
2024-04-22 19:41:24,428:INFO:             uvicorn: Not installed
2024-04-22 19:41:24,428:INFO:              m2cgen: Not installed
2024-04-22 19:41:24,429:INFO:           evidently: Not installed
2024-04-22 19:41:24,429:INFO:               fugue: Not installed
2024-04-22 19:41:24,429:INFO:           streamlit: Not installed
2024-04-22 19:41:24,429:INFO:             prophet: Not installed
2024-04-22 19:41:24,429:INFO:None
2024-04-22 19:41:24,429:INFO:Set up data.
2024-04-22 19:41:24,491:INFO:Set up folding strategy.
2024-04-22 19:41:24,491:INFO:Set up train/test split.
